Watching for file changes with StatReloader
Watching for file changes with StatReloader
[24/Jan/2020 00:44:44] "GET / HTTP/1.1" 200 4795
[24/Jan/2020 00:44:44] "GET /static/style.css HTTP/1.1" 304 0
[24/Jan/2020 00:44:44] "GET /media/main_app/media/copia1__02_bOMVbfi.png HTTP/1.1" 304 0
[24/Jan/2020 00:44:44] "GET /static/images/back2_1.jpg HTTP/1.1" 304 0
[24/Jan/2020 00:44:45] "GET /static/images/laptop.ico HTTP/1.1" 200 102897
[24/Jan/2020 00:44:55] "GET / HTTP/1.1" 200 4795
[24/Jan/2020 00:44:55] "GET /static/images/laptop.ico HTTP/1.1" 200 102897
[24/Jan/2020 00:44:56] "GET /portfolio/ HTTP/1.1" 200 17670
[24/Jan/2020 00:44:56] "GET /media/main_app/media/Screenshot_20191109-170455.jpg HTTP/1.1" 304 0
[24/Jan/2020 00:44:56] "GET /media/main_app/media/Screenshot_20191109-170507.jpg HTTP/1.1" 304 0
[24/Jan/2020 00:44:56] "GET /media/main_app/media/Screenshot_20191109-170437.jpg HTTP/1.1" 304 0
[24/Jan/2020 00:44:56] "GET /media/main_app/media/Screenshot_20200119-121253.jpg HTTP/1.1" 304 0
[24/Jan/2020 00:44:56] "GET /media/main_app/media/Screenshot_20200119-121247.jpg HTTP/1.1" 304 0
[24/Jan/2020 00:44:56] "GET /media/main_app/media/Screenshot_20200119-121301.jpg HTTP/1.1" 304 0
[24/Jan/2020 00:44:56] "GET /media/main_app/media/Screenshot_20200119-121308.jpg HTTP/1.1" 304 0
[24/Jan/2020 00:44:56] "GET /media/main_app/media/Screenshot_20200119-121314.jpg HTTP/1.1" 304 0
[24/Jan/2020 00:44:56] "GET /media/main_app/media/Screenshot_20200119-121345_VWAYEyu.jpg HTTP/1.1" 304 0
[24/Jan/2020 00:44:56] "GET /media/main_app/media/Bay2_WBz13Lx.PNG HTTP/1.1" 304 0
[24/Jan/2020 00:44:56] "GET /media/main_app/media/Bay1_rBEmn2j.PNG HTTP/1.1" 304 0
[24/Jan/2020 00:44:56] "GET /media/main_app/media/Bay3_Tv11gz7.PNG HTTP/1.1" 304 0
[24/Jan/2020 00:44:56] "GET /media/main_app/media/Debate_1.PNG HTTP/1.1" 304 0
[24/Jan/2020 00:44:56] "GET /media/main_app/media/Debate_2.PNG HTTP/1.1" 304 0
[24/Jan/2020 00:44:56] "GET /media/main_app/media/Debate_3.PNG HTTP/1.1" 304 0
[24/Jan/2020 00:44:56] "GET /media/main_app/media/Debate_5.PNG HTTP/1.1" 304 0
[24/Jan/2020 00:44:56] "GET /media/main_app/media/Debate_6.PNG HTTP/1.1" 304 0
[24/Jan/2020 00:44:56] "GET /media/main_app/media/Debate_7.PNG HTTP/1.1" 304 0
[24/Jan/2020 00:44:56] "GET /media/main_app/media/Movie1.PNG HTTP/1.1" 304 0
[24/Jan/2020 00:44:56] "GET /media/main_app/media/Movie2.PNG HTTP/1.1" 304 0
[24/Jan/2020 00:44:56] "GET /media/main_app/media/Movie3.PNG HTTP/1.1" 304 0
[24/Jan/2020 00:44:56] "GET /media/main_app/media/Hell2.PNG HTTP/1.1" 304 0
[24/Jan/2020 00:44:56] "GET /media/main_app/media/Hell1.PNG HTTP/1.1" 304 0
[24/Jan/2020 00:44:56] "GET /media/main_app/media/Hell3.PNG HTTP/1.1" 304 0
[24/Jan/2020 00:44:56] "GET /media/main_app/media/Console_2.PNG HTTP/1.1" 200 330049
[24/Jan/2020 00:44:56] "GET /media/main_app/media/Console_1.PNG HTTP/1.1" 200 365006
[24/Jan/2020 00:44:56] "GET /media/main_app/media/Console_3.PNG HTTP/1.1" 200 324188
[24/Jan/2020 00:44:56] "GET / HTTP/1.1" 200 4795
